<?xml version="1.0" encoding="UTF-8"?><testsuite name="nosetests" tests="6" errors="0" failures="0" skip="0"><testcase classname="pruebasUnitarias.PruebasUnitarias" name="test_datos_juegos" time="0.062"></testcase><testcase classname="pruebasUnitarias.PruebasUnitarias" name="test_p_mem_juegos" time="1.094"></testcase><testcase classname="pruebasUnitarias.PruebasUnitarias" name="test_p_mem_users" time="0.969"></testcase><testcase classname="pruebasUnitarias.PruebasUnitarias" name="test_p_modelos" time="1.016"></testcase><testcase classname="pruebasUnitarias.PruebasUnitarias" name="test_r" time="1.891"></testcase><testcase classname="pruebasUnitarias.PruebasUnitarias" name="test_y" time="0.141"></testcase></testsuite>